# JRE version: OpenJDK Runtime Environment (17.0.9) (build 17.0.9+0--11185874)
# Java VM: OpenJDK 64-Bit Server VM (17.0.9+0--11185874, mixed mode, tiered, compressed oops, compressed class ptrs, g1 gc, windows-amd64)
GC Precious Log:
 CPUs: 4 total, 4 available
 Memory: 3499M
 Large Page Support: Disabled
 NUMA Support: Disabled
 Compressed Oops: Enabled (32-bit)
 Heap Region Size: 1M
 Heap Min Capacity: 8M
 Heap Initial Capacity: 56M
 Heap Max Capacity: 2G
 Pre-touch: Disabled
 Parallel Workers: 4
 Concurrent Workers: 1
 Concurrent Refinement Workers: 4
 Periodic GC: Disabled
Heap:
 garbage-first heap   total 408576K, used 210452K [0x0000000080000000, 0x0000000100000000)
  region size 1024K, 7 young (7168K), 7 survivors (7168K)
 Metaspace       used 134854K, committed 135680K, reserved 1179648K
  class space    used 17978K, committed 18432K, reserved 1048576K
GC Heap History (20 events):
Event: 82.066 GC heap after
{Heap after GC invocations=74 (full 0):
 garbage-first heap   total 408576K, used 191338K [0x0000000080000000, 0x0000000100000000)
  region size 1024K, 1 young (1024K), 1 survivors (1024K)
 Metaspace       used 129442K, committed 130304K, reserved 1179648K
  class space    used 17331K, committed 17792K, reserved 1048576K
}
Event: 87.372 GC heap before
{Heap before GC invocations=74 (full 0):
 garbage-first heap   total 408576K, used 319338K [0x0000000080000000, 0x0000000100000000)
  region size 1024K, 127 young (130048K), 1 survivors (1024K)
 Metaspace       used 132102K, committed 132992K, reserved 1179648K
  class space    used 17644K, committed 18112K, reserved 1048576K
}
Event: 87.718 GC heap after
{Heap after GC invocations=75 (full 0):
 garbage-first heap   total 408576K, used 204612K [0x0000000080000000, 0x0000000100000000)
  region size 1024K, 14 young (14336K), 14 survivors (14336K)
 Metaspace       used 132102K, committed 132992K, reserved 1179648K
  class space    used 17644K, committed 18112K, reserved 1048576K
}
Event: 89.749 GC heap before
{Heap before GC invocations=75 (full 0):
 garbage-first heap   total 408576K, used 270148K [0x0000000080000000, 0x0000000100000000)
  region size 1024K, 79 young (80896K), 14 survivors (14336K)
 Metaspace       used 132538K, committed 133376K, reserved 1179648K
  class space    used 17678K, committed 18112K, reserved 1048576K
}
Event: 90.212 GC heap after
{Heap after GC invocations=76 (full 0):
 garbage-first heap   total 408576K, used 206083K [0x0000000080000000, 0x0000000100000000)
  region size 1024K, 2 young (2048K), 2 survivors (2048K)
 Metaspace       used 132538K, committed 133376K, reserved 1179648K
  class space    used 17678K, committed 18112K, reserved 1048576K
}
Event: 93.237 GC heap before
{Heap before GC invocations=76 (full 0):
 garbage-first heap   total 408576K, used 280835K [0x0000000080000000, 0x0000000100000000)
  region size 1024K, 75 young (76800K), 2 survivors (2048K)
 Metaspace       used 132908K, committed 133696K, reserved 1179648K
  class space    used 17704K, committed 18112K, reserved 1048576K
}
Event: 93.254 GC heap after
{Heap after GC invocations=77 (full 0):
 garbage-first heap   total 408576K, used 205077K [0x0000000080000000, 0x0000000100000000)
  region size 1024K, 1 young (1024K), 1 survivors (1024K)
 Metaspace       used 132908K, committed 133696K, reserved 1179648K
  class space    used 17704K, committed 18112K, reserved 1048576K
}
Event: 95.198 GC heap before
{Heap before GC invocations=77 (full 0):
 garbage-first heap   total 408576K, used 341269K [0x0000000080000000, 0x0000000100000000)
  region size 1024K, 134 young (137216K), 1 survivors (1024K)
 Metaspace       used 133232K, committed 134016K, reserved 1179648K
  class space    used 17749K, committed 18176K, reserved 1048576K
}
Event: 95.229 GC heap after
{Heap after GC invocations=78 (full 0):
 garbage-first heap   total 408576K, used 205448K [0x0000000080000000, 0x0000000100000000)
  region size 1024K, 2 young (2048K), 2 survivors (2048K)
 Metaspace       used 133232K, committed 134016K, reserved 1179648K
  class space    used 17749K, committed 18176K, reserved 1048576K
}
Event: 96.582 GC heap before
{Heap before GC invocations=78 (full 0):
 garbage-first heap   total 408576K, used 344712K [0x0000000080000000, 0x0000000100000000)
  region size 1024K, 139 young (142336K), 2 survivors (2048K)
 Metaspace       used 133661K, committed 134528K, reserved 1179648K
  class space    used 17807K, committed 18240K, reserved 1048576K
}
Event: 96.608 GC heap after
{Heap after GC invocations=79 (full 0):
 garbage-first heap   total 408576K, used 206082K [0x0000000080000000, 0x0000000100000000)
  region size 1024K, 2 young (2048K), 2 survivors (2048K)
 Metaspace       used 133661K, committed 134528K, reserved 1179648K
  class space    used 17807K, committed 18240K, reserved 1048576K
}
Event: 99.621 GC heap before
{Heap before GC invocations=79 (full 0):
 garbage-first heap   total 408576K, used 350466K [0x0000000080000000, 0x0000000100000000)
  region size 1024K, 143 young (146432K), 2 survivors (2048K)
 Metaspace       used 134141K, committed 134976K, reserved 1179648K
  class space    used 17884K, committed 18304K, reserved 1048576K
}
Event: 99.707 GC heap after
{Heap after GC invocations=80 (full 0):
 garbage-first heap   total 408576K, used 207125K [0x0000000080000000, 0x0000000100000000)
  region size 1024K, 3 young (3072K), 3 survivors (3072K)
 Metaspace       used 134141K, committed 134976K, reserved 1179648K
  class space    used 17884K, committed 18304K, reserved 1048576K
}
Event: 101.078 GC heap before
{Heap before GC invocations=80 (full 0):
 garbage-first heap   total 408576K, used 351509K [0x0000000080000000, 0x0000000100000000)
  region size 1024K, 145 young (148480K), 3 survivors (3072K)
 Metaspace       used 134673K, committed 135488K, reserved 1179648K
  class space    used 17951K, committed 18368K, reserved 1048576K
}
Event: 101.091 GC heap after
{Heap after GC invocations=81 (full 0):
 garbage-first heap   total 408576K, used 207907K [0x0000000080000000, 0x0000000100000000)
  region size 1024K, 4 young (4096K), 4 survivors (4096K)
 Metaspace       used 134673K, committed 135488K, reserved 1179648K
  class space    used 17951K, committed 18368K, reserved 1048576K
}
Event: 103.303 GC heap before
{Heap before GC invocations=81 (full 0):
 garbage-first heap   total 408576K, used 354339K [0x0000000080000000, 0x0000000100000000)
  region size 1024K, 147 young (150528K), 4 survivors (4096K)
 Metaspace       used 134810K, committed 135680K, reserved 1179648K
  class space    used 17977K, committed 18432K, reserved 1048576K
}
Event: 103.385 GC heap after
{Heap after GC invocations=82 (full 0):
 garbage-first heap   total 408576K, used 208952K [0x0000000080000000, 0x0000000100000000)
  region size 1024K, 5 young (5120K), 5 survivors (5120K)
 Metaspace       used 134810K, committed 135680K, reserved 1179648K
  class space    used 17977K, committed 18432K, reserved 1048576K
}
Event: 104.495 GC heap before
{Heap before GC invocations=82 (full 0):
 garbage-first heap   total 408576K, used 355384K [0x0000000080000000, 0x0000000100000000)
  region size 1024K, 149 young (152576K), 5 survivors (5120K)
 Metaspace       used 134833K, committed 135680K, reserved 1179648K
  class space    used 17978K, committed 18432K, reserved 1048576K
}
Event: 104.534 GC heap after
{Heap after GC invocations=83 (full 0):
 garbage-first heap   total 408576K, used 210013K [0x0000000080000000, 0x0000000100000000)
  region size 1024K, 6 young (6144K), 6 survivors (6144K)
 Metaspace       used 134833K, committed 135680K, reserved 1179648K
  class space    used 17978K, committed 18432K, reserved 1048576K
}
Event: 105.762 GC heap before
{Heap before GC invocations=83 (full 0):
 garbage-first heap   total 408576K, used 356445K [0x0000000080000000, 0x0000000100000000)
  region size 1024K, 149 young (152576K), 6 survivors (6144K)
 Metaspace       used 134854K, committed 135680K, reserved 1179648K
  class space    used 17978K, committed 18432K, reserved 1048576K
}

